> Task :gradle-plugin:settings-plugin:checkKotlinGradlePluginConfigurationErrors SKIPPED
> Task :gradle-plugin:shared:checkKotlinGradlePluginConfigurationErrors SKIPPED
> Task :gradle-plugin:shared:compileKotlin UP-TO-DATE
> Task :gradle-plugin:shared:compileJava NO-SOURCE
> Task :gradle-plugin:shared:processResources NO-SOURCE
> Task :gradle-plugin:shared:classes UP-TO-DATE
> Task :gradle-plugin:shared:jar UP-TO-DATE
> Task :gradle-plugin:settings-plugin:compileKotlin UP-TO-DATE
> Task :gradle-plugin:settings-plugin:compileJava NO-SOURCE
> Task :gradle-plugin:settings-plugin:pluginDescriptors UP-TO-DATE
> Task :gradle-plugin:settings-plugin:processResources UP-TO-DATE
> Task :gradle-plugin:settings-plugin:classes UP-TO-DATE
> Task :gradle-plugin:settings-plugin:jar UP-TO-DATE
> Task :gradle-plugin:react-native-gradle-plugin:checkKotlinGradlePluginConfigurationErrors SKIPPED
> Task :gradle-plugin:react-native-gradle-plugin:compileKotlin UP-TO-DATE
> Task :gradle-plugin:react-native-gradle-plugin:compileJava NO-SOURCE
> Task :gradle-plugin:react-native-gradle-plugin:pluginDescriptors UP-TO-DATE
> Task :gradle-plugin:react-native-gradle-plugin:processResources UP-TO-DATE
> Task :gradle-plugin:react-native-gradle-plugin:classes UP-TO-DATE
> Task :gradle-plugin:react-native-gradle-plugin:jar UP-TO-DATE

> Configure project :react-native-firebase_app
:react-native-firebase_app package.json found at C:\Users\Jayden\flock-app\mobile\node_modules\@react-native-firebase\app\package.json
:react-native-firebase_app:firebase.bom using default value: 34.10.0
:react-native-firebase_app:play.play-services-auth using default value: 21.5.0
:react-native-firebase_app package.json found at C:\Users\Jayden\flock-app\mobile\node_modules\@react-native-firebase\app\package.json
:react-native-firebase_app:version set from package.json: 24.0.0 (24,0,0 - 24000000)
:react-native-firebase_app:android.compileSdk using custom value: 36
:react-native-firebase_app:android.targetSdk using custom value: 36
:react-native-firebase_app:android.minSdk using custom value: 24
:react-native-firebase_app:reactNativeAndroidDir C:\Users\Jayden\flock-app\mobile\node_modules\react-native\android

> Configure project :react-native-firebase_messaging
:react-native-firebase_messaging package.json found at C:\Users\Jayden\flock-app\mobile\node_modules\@react-native-firebase\messaging\package.json
:react-native-firebase_app package.json found at C:\Users\Jayden\flock-app\mobile\node_modules\@react-native-firebase\app\package.json
:react-native-firebase_messaging:firebase.bom using default value: 34.10.0
:react-native-firebase_messaging package.json found at C:\Users\Jayden\flock-app\mobile\node_modules\@react-native-firebase\messaging\package.json
:react-native-firebase_messaging:version set from package.json: 24.0.0 (24,0,0 - 24000000)
:react-native-firebase_messaging:android.compileSdk using custom value: 36
:react-native-firebase_messaging:android.targetSdk using custom value: 36
:react-native-firebase_messaging:android.minSdk using custom value: 24
:react-native-firebase_messaging:reactNativeAndroidDir C:\Users\Jayden\flock-app\mobile\node_modules\react-native\android

> Configure project :react-native-maps
[32m[react-native-maps] Thank you for using react-native-maps ❤️! 
[react-native-maps] to help keep it maintained, please consider sponsoring at https://github.com/sponsors/salah-ghanim[0m

> Configure project :react-native-reanimated
Android gradle plugin: 8.8.0
Gradle: 8.10.2
WARNING: We recommend using a newer Android Gradle plugin to use compileSdk = 36

This Android Gradle plugin (8.8.0) was tested up to compileSdk = 35.

You are strongly encouraged to update your project to use a newer
Android Gradle plugin that has been tested with compileSdk = 36.

If you are already using the latest version of the Android Gradle plugin,
you may need to wait until a newer version with support for compileSdk = 36 is available.

For more information refer to the compatibility table:
https://d.android.com/r/tools/api-level-support

To suppress this warning, add/update
    android.suppressUnsupportedCompileSdk=36
to this project's gradle.properties.
WARNING: We recommend using a newer Android Gradle plugin to use compileSdk = 36

This Android Gradle plugin (8.8.0) was tested up to compileSdk = 35.

You are strongly encouraged to update your project to use a newer
Android Gradle plugin that has been tested with compileSdk = 36.

If you are already using the latest version of the Android Gradle plugin,
you may need to wait until a newer version with support for compileSdk = 36 is available.

For more information refer to the compatibility table:
https://d.android.com/r/tools/api-level-support

To suppress this warning, add/update
    android.suppressUnsupportedCompileSdk=36
to this project's gradle.properties.

> Task :app:generateAutolinkingNewArchitectureFiles
> Task :app:generateAutolinkingPackageList
> Task :app:generateCodegenSchemaFromJavaScript SKIPPED
> Task :app:generateCodegenArtifactsFromSchema SKIPPED
> Task :app:preBuild
> Task :app:preDebugBuild
> Task :app:mergeDebugNativeDebugMetadata NO-SOURCE
> Task :app:checkKotlinGradlePluginConfigurationErrors SKIPPED
> Task :app:generateDebugBuildConfig UP-TO-DATE
> Task :invertase_react-native-apple-authentication:preBuild UP-TO-DATE
> Task :invertase_react-native-apple-authentication:preDebugBuild UP-TO-DATE
> Task :invertase_react-native-apple-authentication:writeDebugAarMetadata UP-TO-DATE
> Task :react-native-async-storage_async-storage:generateCodegenSchemaFromJavaScript UP-TO-DATE
> Task :react-native-async-storage_async-storage:generateCodegenArtifactsFromSchema UP-TO-DATE
> Task :react-native-async-storage_async-storage:preBuild UP-TO-DATE
> Task :react-native-async-storage_async-storage:preDebugBuild UP-TO-DATE
> Task :react-native-async-storage_async-storage:writeDebugAarMetadata UP-TO-DATE
> Task :react-native-clipboard_clipboard:generateCodegenSchemaFromJavaScript UP-TO-DATE
> Task :react-native-clipboard_clipboard:generateCodegenArtifactsFromSchema UP-TO-DATE
> Task :react-native-clipboard_clipboard:preBuild UP-TO-DATE
> Task :react-native-clipboard_clipboard:preDebugBuild UP-TO-DATE
> Task :react-native-clipboard_clipboard:writeDebugAarMetadata UP-TO-DATE
> Task :react-native-community_blur:generateCodegenSchemaFromJavaScript UP-TO-DATE
> Task :react-native-community_blur:generateCodegenArtifactsFromSchema UP-TO-DATE
> Task :react-native-community_blur:preBuild UP-TO-DATE
> Task :react-native-community_blur:preDebugBuild UP-TO-DATE
> Task :react-native-community_blur:writeDebugAarMetadata UP-TO-DATE
> Task :react-native-community_geolocation:generateCodegenSchemaFromJavaScript UP-TO-DATE
> Task :react-native-community_geolocation:generateCodegenArtifactsFromSchema UP-TO-DATE
> Task :react-native-community_geolocation:preBuild UP-TO-DATE
> Task :react-native-community_geolocation:preDebugBuild UP-TO-DATE
> Task :react-native-community_geolocation:writeDebugAarMetadata UP-TO-DATE
> Task :react-native-device-info:preBuild UP-TO-DATE
> Task :react-native-device-info:preDebugBuild UP-TO-DATE
> Task :react-native-device-info:writeDebugAarMetadata UP-TO-DATE
> Task :react-native-firebase_app:preBuild UP-TO-DATE
> Task :react-native-firebase_app:preDebugBuild UP-TO-DATE
> Task :react-native-firebase_app:writeDebugAarMetadata UP-TO-DATE
> Task :react-native-firebase_messaging:preBuild UP-TO-DATE
> Task :react-native-firebase_messaging:preDebugBuild UP-TO-DATE
> Task :react-native-firebase_messaging:writeDebugAarMetadata UP-TO-DATE
> Task :react-native-gesture-handler:generateCodegenSchemaFromJavaScript UP-TO-DATE
> Task :react-native-gesture-handler:generateCodegenArtifactsFromSchema UP-TO-DATE
> Task :react-native-gesture-handler:preBuild UP-TO-DATE
> Task :react-native-gesture-handler:preDebugBuild UP-TO-DATE
> Task :react-native-gesture-handler:writeDebugAarMetadata UP-TO-DATE
> Task :react-native-google-signin_google-signin:generateCodegenSchemaFromJavaScript UP-TO-DATE
> Task :react-native-google-signin_google-signin:generateCodegenArtifactsFromSchema UP-TO-DATE
> Task :react-native-google-signin_google-signin:preBuild UP-TO-DATE
> Task :react-native-google-signin_google-signin:preDebugBuild UP-TO-DATE
> Task :react-native-google-signin_google-signin:writeDebugAarMetadata UP-TO-DATE
> Task :react-native-haptic-feedback:generateCodegenSchemaFromJavaScript UP-TO-DATE
> Task :react-native-haptic-feedback:generateCodegenArtifactsFromSchema UP-TO-DATE
> Task :react-native-haptic-feedback:preBuild UP-TO-DATE
> Task :react-native-haptic-feedback:preDebugBuild UP-TO-DATE
> Task :react-native-haptic-feedback:writeDebugAarMetadata UP-TO-DATE
> Task :react-native-image-picker:generateCodegenSchemaFromJavaScript UP-TO-DATE
> Task :react-native-image-picker:generateCodegenArtifactsFromSchema UP-TO-DATE
> Task :react-native-image-picker:preBuild UP-TO-DATE
> Task :react-native-image-picker:preDebugBuild UP-TO-DATE
> Task :react-native-image-picker:writeDebugAarMetadata UP-TO-DATE
> Task :react-native-linear-gradient:preBuild UP-TO-DATE
> Task :react-native-linear-gradient:preDebugBuild UP-TO-DATE
> Task :react-native-linear-gradient:writeDebugAarMetadata UP-TO-DATE
> Task :react-native-maps:generateCodegenSchemaFromJavaScript SKIPPED
> Task :react-native-maps:generateCodegenArtifactsFromSchema SKIPPED
> Task :react-native-maps:preBuild UP-TO-DATE
> Task :react-native-maps:preDebugBuild UP-TO-DATE
> Task :react-native-nfc-manager:preBuild UP-TO-DATE
> Task :react-native-nfc-manager:preDebugBuild UP-TO-DATE
> Task :react-native-nfc-manager:writeDebugAarMetadata UP-TO-DATE
> Task :react-native-purchases:preBuild UP-TO-DATE
> Task :react-native-purchases:preDebugBuild UP-TO-DATE
> Task :react-native-purchases:writeDebugAarMetadata UP-TO-DATE
> Task :react-native-reanimated:assertMinimalReactNativeVersionTask SKIPPED
> Task :react-native-maps:writeDebugAarMetadata
> Task :react-native-reanimated:generateCodegenSchemaFromJavaScript
> Task :react-native-reanimated:generateCodegenArtifactsFromSchema
> Task :react-native-reanimated:prepareReanimatedHeadersForPrefabs
> Task :react-native-reanimated:prepareWorkletsHeadersForPrefabs
> Task :react-native-reanimated:preBuild
> Task :react-native-reanimated:preDebugBuild
> Task :react-native-reanimated:writeDebugAarMetadata
> Task :react-native-safe-area-context:generateCodegenSchemaFromJavaScript
> Task :react-native-safe-area-context:generateCodegenArtifactsFromSchema
> Task :react-native-safe-area-context:preBuild
> Task :react-native-safe-area-context:preDebugBuild
> Task :react-native-safe-area-context:writeDebugAarMetadata
> Task :react-native-screens:generateCodegenSchemaFromJavaScript UP-TO-DATE
> Task :react-native-screens:generateCodegenArtifactsFromSchema UP-TO-DATE
> Task :react-native-screens:preBuild UP-TO-DATE
> Task :react-native-screens:preDebugBuild UP-TO-DATE
> Task :react-native-screens:writeDebugAarMetadata UP-TO-DATE
> Task :react-native-share:generateCodegenSchemaFromJavaScript UP-TO-DATE
> Task :react-native-share:generateCodegenArtifactsFromSchema UP-TO-DATE
> Task :react-native-share:preBuild UP-TO-DATE
> Task :react-native-share:preDebugBuild UP-TO-DATE
> Task :react-native-share:writeDebugAarMetadata UP-TO-DATE
> Task :react-native-svg:generateCodegenSchemaFromJavaScript
> Task :react-native-svg:generateCodegenArtifactsFromSchema
> Task :react-native-svg:preBuild
> Task :react-native-svg:preDebugBuild
> Task :react-native-svg:writeDebugAarMetadata
> Task :react-native-vector-icons:generateCodegenSchemaFromJavaScript UP-TO-DATE
> Task :react-native-vector-icons:generateCodegenArtifactsFromSchema UP-TO-DATE
> Task :react-native-vector-icons:preBuild UP-TO-DATE
> Task :react-native-vector-icons:preDebugBuild UP-TO-DATE
> Task :react-native-vector-icons:writeDebugAarMetadata UP-TO-DATE
> Task :react-native-webview:generateCodegenSchemaFromJavaScript UP-TO-DATE
> Task :react-native-webview:generateCodegenArtifactsFromSchema UP-TO-DATE
> Task :react-native-webview:preBuild UP-TO-DATE
> Task :react-native-webview:preDebugBuild UP-TO-DATE
> Task :react-native-webview:writeDebugAarMetadata UP-TO-DATE
> Task :app:checkDebugAarMetadata UP-TO-DATE
> Task :app:generateDebugResValues UP-TO-DATE
> Task :invertase_react-native-apple-authentication:generateDebugResValues UP-TO-DATE
> Task :invertase_react-native-apple-authentication:generateDebugResources UP-TO-DATE
> Task :invertase_react-native-apple-authentication:packageDebugResources UP-TO-DATE
> Task :react-native-async-storage_async-storage:generateDebugResValues UP-TO-DATE
> Task :react-native-async-storage_async-storage:generateDebugResources UP-TO-DATE
> Task :react-native-async-storage_async-storage:packageDebugResources UP-TO-DATE
> Task :react-native-clipboard_clipboard:generateDebugResValues UP-TO-DATE
> Task :react-native-clipboard_clipboard:generateDebugResources UP-TO-DATE
> Task :react-native-clipboard_clipboard:packageDebugResources UP-TO-DATE
> Task :react-native-community_blur:generateDebugResValues UP-TO-DATE
> Task :react-native-community_blur:generateDebugResources UP-TO-DATE
> Task :react-native-community_blur:packageDebugResources UP-TO-DATE
> Task :react-native-community_geolocation:generateDebugResValues UP-TO-DATE
> Task :react-native-community_geolocation:generateDebugResources UP-TO-DATE
> Task :react-native-community_geolocation:packageDebugResources UP-TO-DATE
> Task :react-native-device-info:generateDebugResValues UP-TO-DATE
> Task :react-native-device-info:generateDebugResources UP-TO-DATE
> Task :react-native-device-info:packageDebugResources UP-TO-DATE
> Task :react-native-firebase_app:generateDebugResValues UP-TO-DATE
> Task :react-native-firebase_app:generateDebugResources UP-TO-DATE
> Task :react-native-firebase_app:packageDebugResources UP-TO-DATE
> Task :react-native-firebase_messaging:generateDebugResValues UP-TO-DATE
> Task :react-native-firebase_messaging:generateDebugResources UP-TO-DATE
> Task :react-native-firebase_messaging:packageDebugResources UP-TO-DATE
> Task :react-native-gesture-handler:generateDebugResValues UP-TO-DATE
> Task :react-native-gesture-handler:generateDebugResources UP-TO-DATE
> Task :react-native-gesture-handler:packageDebugResources UP-TO-DATE
> Task :react-native-google-signin_google-signin:generateDebugResValues UP-TO-DATE
> Task :react-native-google-signin_google-signin:generateDebugResources UP-TO-DATE
> Task :react-native-google-signin_google-signin:packageDebugResources UP-TO-DATE
> Task :react-native-haptic-feedback:generateDebugResValues UP-TO-DATE
> Task :react-native-haptic-feedback:generateDebugResources UP-TO-DATE
> Task :react-native-haptic-feedback:packageDebugResources UP-TO-DATE
> Task :react-native-image-picker:generateDebugResValues UP-TO-DATE
> Task :react-native-image-picker:generateDebugResources UP-TO-DATE
> Task :react-native-image-picker:packageDebugResources UP-TO-DATE
> Task :react-native-linear-gradient:generateDebugResValues UP-TO-DATE
> Task :react-native-linear-gradient:generateDebugResources UP-TO-DATE
> Task :react-native-linear-gradient:packageDebugResources UP-TO-DATE
> Task :react-native-maps:generateDebugResValues
> Task :react-native-maps:generateDebugResources
> Task :react-native-maps:packageDebugResources
> Task :react-native-nfc-manager:generateDebugResValues UP-TO-DATE
> Task :react-native-nfc-manager:generateDebugResources UP-TO-DATE
> Task :react-native-nfc-manager:packageDebugResources UP-TO-DATE
> Task :react-native-purchases:generateDebugResValues UP-TO-DATE
> Task :react-native-purchases:generateDebugResources UP-TO-DATE
> Task :react-native-purchases:packageDebugResources UP-TO-DATE
> Task :react-native-reanimated:generateDebugResValues
> Task :react-native-reanimated:generateDebugResources
> Task :react-native-reanimated:packageDebugResources
> Task :react-native-safe-area-context:generateDebugResValues
> Task :react-native-safe-area-context:generateDebugResources
> Task :react-native-safe-area-context:packageDebugResources
> Task :react-native-screens:generateDebugResValues UP-TO-DATE
> Task :react-native-screens:generateDebugResources UP-TO-DATE
> Task :react-native-screens:packageDebugResources UP-TO-DATE
> Task :react-native-share:generateDebugResValues UP-TO-DATE
> Task :react-native-share:generateDebugResources UP-TO-DATE
> Task :react-native-share:packageDebugResources UP-TO-DATE
> Task :react-native-svg:generateDebugResValues
> Task :react-native-svg:generateDebugResources
> Task :react-native-svg:packageDebugResources
> Task :react-native-vector-icons:generateDebugResValues UP-TO-DATE
> Task :react-native-vector-icons:generateDebugResources UP-TO-DATE
> Task :react-native-vector-icons:packageDebugResources UP-TO-DATE
> Task :react-native-webview:generateDebugResValues UP-TO-DATE
> Task :react-native-webview:generateDebugResources UP-TO-DATE
> Task :react-native-webview:packageDebugResources UP-TO-DATE
> Task :app:mapDebugSourceSetPaths UP-TO-DATE
> Task :app:generateDebugResources UP-TO-DATE
> Task :app:mergeDebugResources UP-TO-DATE
> Task :app:packageDebugResources UP-TO-DATE
> Task :app:parseDebugLocalResources UP-TO-DATE
> Task :app:createDebugCompatibleScreenManifests UP-TO-DATE
> Task :app:extractDeepLinksDebug UP-TO-DATE
> Task :invertase_react-native-apple-authentication:extractDeepLinksDebug UP-TO-DATE
> Task :invertase_react-native-apple-authentication:processDebugManifest UP-TO-DATE
> Task :react-native-async-storage_async-storage:extractDeepLinksDebug UP-TO-DATE
> Task :react-native-async-storage_async-storage:processDebugManifest UP-TO-DATE
> Task :react-native-clipboard_clipboard:extractDeepLinksDebug UP-TO-DATE
> Task :react-native-clipboard_clipboard:processDebugManifest UP-TO-DATE
> Task :react-native-community_blur:extractDeepLinksDebug UP-TO-DATE
> Task :react-native-community_blur:processDebugManifest UP-TO-DATE
> Task :react-native-community_geolocation:extractDeepLinksDebug UP-TO-DATE
> Task :react-native-community_geolocation:processDebugManifest UP-TO-DATE
> Task :react-native-device-info:extractDeepLinksDebug UP-TO-DATE
> Task :react-native-device-info:processDebugManifest UP-TO-DATE
> Task :react-native-firebase_app:extractDeepLinksDebug UP-TO-DATE
> Task :react-native-firebase_app:processDebugManifest UP-TO-DATE
> Task :react-native-firebase_messaging:extractDeepLinksDebug UP-TO-DATE
> Task :react-native-firebase_messaging:processDebugManifest UP-TO-DATE
> Task :react-native-gesture-handler:extractDeepLinksDebug UP-TO-DATE
> Task :react-native-gesture-handler:processDebugManifest UP-TO-DATE
> Task :react-native-google-signin_google-signin:extractDeepLinksDebug UP-TO-DATE
> Task :react-native-google-signin_google-signin:processDebugManifest UP-TO-DATE
> Task :react-native-haptic-feedback:extractDeepLinksDebug UP-TO-DATE
> Task :react-native-haptic-feedback:processDebugManifest UP-TO-DATE
> Task :react-native-image-picker:extractDeepLinksDebug UP-TO-DATE
> Task :react-native-image-picker:processDebugManifest UP-TO-DATE
> Task :react-native-linear-gradient:extractDeepLinksDebug UP-TO-DATE
> Task :react-native-linear-gradient:processDebugManifest UP-TO-DATE
> Task :react-native-maps:extractDeepLinksDebug
> Task :react-native-nfc-manager:extractDeepLinksDebug UP-TO-DATE
> Task :react-native-nfc-manager:processDebugManifest UP-TO-DATE
> Task :react-native-purchases:extractDeepLinksDebug UP-TO-DATE
> Task :react-native-purchases:processDebugManifest UP-TO-DATE
> Task :react-native-reanimated:extractDeepLinksDebug
> Task :react-native-maps:processDebugManifest
> Task :react-native-safe-area-context:extractDeepLinksDebug
> Task :react-native-reanimated:processDebugManifest
> Task :react-native-screens:extractDeepLinksDebug UP-TO-DATE
> Task :react-native-screens:processDebugManifest UP-TO-DATE
> Task :react-native-share:extractDeepLinksDebug UP-TO-DATE
> Task :react-native-share:processDebugManifest UP-TO-DATE
> Task :react-native-svg:extractDeepLinksDebug

> Task :react-native-safe-area-context:processDebugManifest
package="com.th3rdwave.safeareacontext" found in source AndroidManifest.xml: C:\Users\Jayden\flock-app\mobile\node_modules\react-native-safe-area-context\android\src\main\AndroidManifest.xml.
Setting the namespace via the package attribute in the source AndroidManifest.xml is no longer supported, and the value is ignored.
Recommendation: remove package="com.th3rdwave.safeareacontext" from the source AndroidManifest.xml: C:\Users\Jayden\flock-app\mobile\node_modules\react-native-safe-area-context\android\src\main\AndroidManifest.xml.

> Task :react-native-vector-icons:extractDeepLinksDebug UP-TO-DATE
> Task :react-native-vector-icons:processDebugManifest UP-TO-DATE
> Task :react-native-webview:extractDeepLinksDebug UP-TO-DATE
> Task :react-native-webview:processDebugManifest UP-TO-DATE
> Task :invertase_react-native-apple-authentication:compileDebugLibraryResources UP-TO-DATE
> Task :invertase_react-native-apple-authentication:parseDebugLocalResources UP-TO-DATE
> Task :invertase_react-native-apple-authentication:generateDebugRFile UP-TO-DATE
> Task :react-native-async-storage_async-storage:compileDebugLibraryResources UP-TO-DATE
> Task :react-native-svg:processDebugManifest
> Task :react-native-async-storage_async-storage:parseDebugLocalResources UP-TO-DATE
> Task :app:processDebugMainManifest UP-TO-DATE
> Task :app:processDebugManifest UP-TO-DATE
> Task :app:processDebugManifestForPackage UP-TO-DATE
> Task :react-native-async-storage_async-storage:generateDebugRFile UP-TO-DATE
> Task :react-native-clipboard_clipboard:compileDebugLibraryResources UP-TO-DATE
> Task :react-native-clipboard_clipboard:parseDebugLocalResources UP-TO-DATE
> Task :react-native-clipboard_clipboard:generateDebugRFile UP-TO-DATE
> Task :react-native-community_blur:compileDebugLibraryResources UP-TO-DATE
> Task :react-native-community_blur:parseDebugLocalResources UP-TO-DATE
> Task :react-native-community_blur:generateDebugRFile UP-TO-DATE
> Task :react-native-community_geolocation:compileDebugLibraryResources UP-TO-DATE
> Task :react-native-community_geolocation:parseDebugLocalResources UP-TO-DATE
> Task :react-native-community_geolocation:generateDebugRFile UP-TO-DATE
> Task :react-native-device-info:compileDebugLibraryResources UP-TO-DATE
> Task :react-native-device-info:parseDebugLocalResources UP-TO-DATE
> Task :react-native-device-info:generateDebugRFile UP-TO-DATE
> Task :react-native-firebase_app:compileDebugLibraryResources UP-TO-DATE
> Task :react-native-firebase_app:parseDebugLocalResources UP-TO-DATE
> Task :react-native-firebase_app:generateDebugRFile UP-TO-DATE
> Task :react-native-firebase_messaging:compileDebugLibraryResources UP-TO-DATE
> Task :react-native-firebase_messaging:parseDebugLocalResources UP-TO-DATE
> Task :react-native-firebase_messaging:generateDebugRFile UP-TO-DATE
> Task :react-native-gesture-handler:compileDebugLibraryResources UP-TO-DATE
> Task :react-native-gesture-handler:parseDebugLocalResources UP-TO-DATE
> Task :react-native-gesture-handler:generateDebugRFile UP-TO-DATE
> Task :react-native-google-signin_google-signin:compileDebugLibraryResources UP-TO-DATE
> Task :react-native-google-signin_google-signin:parseDebugLocalResources UP-TO-DATE
> Task :react-native-google-signin_google-signin:generateDebugRFile UP-TO-DATE
> Task :react-native-haptic-feedback:compileDebugLibraryResources UP-TO-DATE
> Task :react-native-haptic-feedback:parseDebugLocalResources UP-TO-DATE
> Task :react-native-haptic-feedback:generateDebugRFile UP-TO-DATE
> Task :react-native-image-picker:compileDebugLibraryResources UP-TO-DATE
> Task :react-native-image-picker:parseDebugLocalResources UP-TO-DATE
> Task :react-native-image-picker:generateDebugRFile UP-TO-DATE
> Task :react-native-linear-gradient:compileDebugLibraryResources UP-TO-DATE
> Task :react-native-linear-gradient:parseDebugLocalResources UP-TO-DATE
> Task :react-native-linear-gradient:generateDebugRFile UP-TO-DATE
> Task :react-native-maps:compileDebugLibraryResources
> Task :react-native-nfc-manager:compileDebugLibraryResources UP-TO-DATE
> Task :react-native-nfc-manager:parseDebugLocalResources UP-TO-DATE
> Task :react-native-nfc-manager:generateDebugRFile UP-TO-DATE
> Task :react-native-purchases:compileDebugLibraryResources UP-TO-DATE
> Task :react-native-purchases:parseDebugLocalResources UP-TO-DATE
> Task :react-native-purchases:generateDebugRFile UP-TO-DATE
> Task :react-native-maps:parseDebugLocalResources
> Task :react-native-reanimated:compileDebugLibraryResources
> Task :react-native-maps:generateDebugRFile
> Task :react-native-reanimated:parseDebugLocalResources
> Task :react-native-safe-area-context:compileDebugLibraryResources
> Task :react-native-reanimated:generateDebugRFile
> Task :react-native-screens:compileDebugLibraryResources UP-TO-DATE
> Task :react-native-screens:parseDebugLocalResources UP-TO-DATE
> Task :react-native-safe-area-context:parseDebugLocalResources
> Task :react-native-screens:generateDebugRFile UP-TO-DATE
> Task :react-native-share:compileDebugLibraryResources UP-TO-DATE
> Task :react-native-share:parseDebugLocalResources UP-TO-DATE
> Task :react-native-safe-area-context:generateDebugRFile
> Task :react-native-share:generateDebugRFile UP-TO-DATE
> Task :react-native-svg:compileDebugLibraryResources
> Task :react-native-vector-icons:compileDebugLibraryResources UP-TO-DATE
> Task :react-native-vector-icons:parseDebugLocalResources UP-TO-DATE
> Task :react-native-svg:parseDebugLocalResources
> Task :react-native-vector-icons:generateDebugRFile UP-TO-DATE
> Task :react-native-webview:compileDebugLibraryResources UP-TO-DATE
> Task :react-native-webview:parseDebugLocalResources UP-TO-DATE
> Task :react-native-webview:generateDebugRFile UP-TO-DATE
> Task :invertase_react-native-apple-authentication:checkKotlinGradlePluginConfigurationErrors SKIPPED
> Task :react-native-svg:generateDebugRFile
> Task :invertase_react-native-apple-authentication:generateDebugBuildConfig UP-TO-DATE
> Task :app:processDebugResources UP-TO-DATE
> Task :invertase_react-native-apple-authentication:compileDebugKotlin UP-TO-DATE
> Task :invertase_react-native-apple-authentication:javaPreCompileDebug UP-TO-DATE
> Task :invertase_react-native-apple-authentication:compileDebugJavaWithJavac UP-TO-DATE
> Task :invertase_react-native-apple-authentication:bundleLibCompileToJarDebug UP-TO-DATE
> Task :react-native-async-storage_async-storage:generateDebugBuildConfig UP-TO-DATE
> Task :react-native-async-storage_async-storage:javaPreCompileDebug UP-TO-DATE
> Task :react-native-async-storage_async-storage:compileDebugJavaWithJavac UP-TO-DATE
> Task :react-native-async-storage_async-storage:bundleLibCompileToJarDebug UP-TO-DATE
> Task :react-native-clipboard_clipboard:generateDebugBuildConfig UP-TO-DATE
> Task :react-native-clipboard_clipboard:javaPreCompileDebug UP-TO-DATE
> Task :react-native-clipboard_clipboard:compileDebugJavaWithJavac UP-TO-DATE
> Task :react-native-clipboard_clipboard:bundleLibCompileToJarDebug UP-TO-DATE
> Task :react-native-community_blur:generateDebugBuildConfig UP-TO-DATE
> Task :react-native-community_blur:javaPreCompileDebug UP-TO-DATE
> Task :react-native-community_blur:compileDebugJavaWithJavac UP-TO-DATE
> Task :react-native-community_blur:bundleLibCompileToJarDebug UP-TO-DATE
> Task :react-native-community_geolocation:generateDebugBuildConfig UP-TO-DATE
> Task :react-native-community_geolocation:javaPreCompileDebug UP-TO-DATE
> Task :react-native-community_geolocation:compileDebugJavaWithJavac UP-TO-DATE
> Task :react-native-community_geolocation:bundleLibCompileToJarDebug UP-TO-DATE
> Task :react-native-device-info:generateDebugBuildConfig UP-TO-DATE
> Task :react-native-device-info:javaPreCompileDebug UP-TO-DATE
> Task :react-native-device-info:compileDebugJavaWithJavac UP-TO-DATE
> Task :react-native-device-info:bundleLibCompileToJarDebug UP-TO-DATE
> Task :react-native-firebase_app:generateDebugBuildConfig UP-TO-DATE
> Task :react-native-firebase_app:javaPreCompileDebug UP-TO-DATE
> Task :react-native-firebase_app:compileDebugJavaWithJavac UP-TO-DATE
> Task :react-native-firebase_app:bundleLibCompileToJarDebug UP-TO-DATE
> Task :react-native-firebase_messaging:generateDebugBuildConfig UP-TO-DATE
> Task :react-native-firebase_messaging:javaPreCompileDebug UP-TO-DATE
> Task :react-native-firebase_messaging:compileDebugJavaWithJavac UP-TO-DATE
> Task :react-native-firebase_messaging:bundleLibCompileToJarDebug UP-TO-DATE
> Task :react-native-gesture-handler:checkKotlinGradlePluginConfigurationErrors SKIPPED
> Task :react-native-gesture-handler:generateDebugBuildConfig UP-TO-DATE
> Task :react-native-reanimated:generateDebugBuildConfig
> Task :react-native-reanimated:packageNdkLibs NO-SOURCE
> Task :react-native-reanimated:javaPreCompileDebug
> Task :react-native-svg:generateDebugBuildConfig

> Task :react-native-reanimated:compileDebugJavaWithJavac

> Task :react-native-gesture-handler:javaPreCompileDebug UP-TO-DATE
> Task :react-native-google-signin_google-signin:checkKotlinGradlePluginConfigurationErrors SKIPPED
> Task :react-native-svg:javaPreCompileDebug
> Task :react-native-google-signin_google-signin:generateDebugBuildConfig UP-TO-DATE
> Task :react-native-reanimated:bundleLibCompileToJarDebug

> Task :react-native-svg:compileDebugJavaWithJavac

> Task :react-native-google-signin_google-signin:compileDebugKotlin UP-TO-DATE
> Task :react-native-google-signin_google-signin:javaPreCompileDebug UP-TO-DATE
> Task :react-native-google-signin_google-signin:compileDebugJavaWithJavac UP-TO-DATE
> Task :react-native-google-signin_google-signin:bundleLibCompileToJarDebug UP-TO-DATE
> Task :react-native-haptic-feedback:generateDebugBuildConfig UP-TO-DATE
> Task :react-native-haptic-feedback:javaPreCompileDebug UP-TO-DATE
> Task :react-native-svg:bundleLibCompileToJarDebug
> Task :react-native-haptic-feedback:compileDebugJavaWithJavac UP-TO-DATE
> Task :react-native-haptic-feedback:bundleLibCompileToJarDebug UP-TO-DATE
> Task :react-native-image-picker:generateDebugBuildConfig UP-TO-DATE
> Task :react-native-image-picker:javaPreCompileDebug UP-TO-DATE
> Task :react-native-image-picker:compileDebugJavaWithJavac UP-TO-DATE
> Task :react-native-image-picker:bundleLibCompileToJarDebug UP-TO-DATE
> Task :react-native-linear-gradient:generateDebugBuildConfig UP-TO-DATE
> Task :react-native-linear-gradient:javaPreCompileDebug UP-TO-DATE
> Task :react-native-linear-gradient:compileDebugJavaWithJavac UP-TO-DATE
> Task :react-native-linear-gradient:bundleLibCompileToJarDebug UP-TO-DATE
> Task :react-native-maps:checkKotlinGradlePluginConfigurationErrors SKIPPED
> Task :react-native-maps:generateDebugBuildConfig
> Task :react-native-maps:compileDebugKotlin NO-SOURCE
> Task :react-native-nfc-manager:generateDebugBuildConfig UP-TO-DATE
> Task :react-native-maps:javaPreCompileDebug
> Task :react-native-gesture-handler:compileDebugKotlin

> Task :react-native-maps:compileDebugJavaWithJavac

> Task :react-native-gesture-handler:compileDebugJavaWithJavac UP-TO-DATE
> Task :react-native-gesture-handler:bundleLibCompileToJarDebug UP-TO-DATE
> Task :react-native-nfc-manager:javaPreCompileDebug UP-TO-DATE
> Task :react-native-nfc-manager:compileDebugJavaWithJavac UP-TO-DATE
> Task :react-native-nfc-manager:bundleLibCompileToJarDebug UP-TO-DATE
> Task :react-native-purchases:checkKotlinGradlePluginConfigurationErrors SKIPPED
> Task :react-native-purchases:generateDebugBuildConfig UP-TO-DATE
> Task :react-native-maps:bundleLibCompileToJarDebug
> Task :react-native-purchases:compileDebugKotlin UP-TO-DATE
> Task :react-native-purchases:javaPreCompileDebug UP-TO-DATE
> Task :react-native-purchases:compileDebugJavaWithJavac UP-TO-DATE
> Task :react-native-purchases:bundleLibCompileToJarDebug UP-TO-DATE
> Task :react-native-safe-area-context:checkKotlinGradlePluginConfigurationErrors SKIPPED
> Task :react-native-safe-area-context:generateDebugBuildConfig
> Task :react-native-screens:checkKotlinGradlePluginConfigurationErrors SKIPPED
> Task :react-native-safe-area-context:javaPreCompileDebug
> Task :react-native-screens:generateDebugBuildConfig UP-TO-DATE
> Task :react-native-screens:compileDebugKotlin UP-TO-DATE
> Task :react-native-screens:javaPreCompileDebug UP-TO-DATE
> Task :react-native-screens:compileDebugJavaWithJavac UP-TO-DATE
> Task :react-native-screens:bundleLibCompileToJarDebug UP-TO-DATE
> Task :react-native-share:generateDebugBuildConfig UP-TO-DATE
> Task :react-native-share:javaPreCompileDebug UP-TO-DATE
> Task :react-native-share:compileDebugJavaWithJavac UP-TO-DATE
> Task :react-native-share:bundleLibCompileToJarDebug UP-TO-DATE
> Task :react-native-vector-icons:generateDebugBuildConfig UP-TO-DATE
> Task :react-native-vector-icons:javaPreCompileDebug UP-TO-DATE
> Task :react-native-vector-icons:compileDebugJavaWithJavac UP-TO-DATE
> Task :react-native-vector-icons:bundleLibCompileToJarDebug UP-TO-DATE
> Task :react-native-webview:checkKotlinGradlePluginConfigurationErrors SKIPPED
> Task :react-native-webview:generateDebugBuildConfig UP-TO-DATE
> Task :react-native-webview:compileDebugKotlin UP-TO-DATE
> Task :react-native-webview:javaPreCompileDebug UP-TO-DATE
> Task :react-native-webview:compileDebugJavaWithJavac UP-TO-DATE
> Task :react-native-webview:bundleLibCompileToJarDebug UP-TO-DATE
> Task :app:javaPreCompileDebug UP-TO-DATE
> Task :app:mergeDebugShaders UP-TO-DATE
> Task :app:compileDebugShaders NO-SOURCE
> Task :app:generateDebugAssets UP-TO-DATE
> Task :invertase_react-native-apple-authentication:mergeDebugShaders UP-TO-DATE
> Task :invertase_react-native-apple-authentication:compileDebugShaders NO-SOURCE
> Task :invertase_react-native-apple-authentication:generateDebugAssets UP-TO-DATE
> Task :invertase_react-native-apple-authentication:packageDebugAssets UP-TO-DATE
> Task :react-native-async-storage_async-storage:mergeDebugShaders UP-TO-DATE
> Task :react-native-async-storage_async-storage:compileDebugShaders NO-SOURCE
> Task :react-native-async-storage_async-storage:generateDebugAssets UP-TO-DATE
> Task :react-native-async-storage_async-storage:packageDebugAssets UP-TO-DATE
> Task :react-native-clipboard_clipboard:mergeDebugShaders UP-TO-DATE
> Task :react-native-clipboard_clipboard:compileDebugShaders NO-SOURCE
> Task :react-native-clipboard_clipboard:generateDebugAssets UP-TO-DATE
> Task :react-native-clipboard_clipboard:packageDebugAssets UP-TO-DATE
> Task :react-native-community_blur:mergeDebugShaders UP-TO-DATE
> Task :react-native-community_blur:compileDebugShaders NO-SOURCE
> Task :react-native-community_blur:generateDebugAssets UP-TO-DATE
> Task :react-native-community_blur:packageDebugAssets UP-TO-DATE
> Task :react-native-community_geolocation:mergeDebugShaders UP-TO-DATE
> Task :react-native-community_geolocation:compileDebugShaders NO-SOURCE
> Task :react-native-community_geolocation:generateDebugAssets UP-TO-DATE
> Task :react-native-community_geolocation:packageDebugAssets UP-TO-DATE
> Task :react-native-device-info:mergeDebugShaders UP-TO-DATE
> Task :react-native-device-info:compileDebugShaders NO-SOURCE
> Task :react-native-device-info:generateDebugAssets UP-TO-DATE
> Task :react-native-device-info:packageDebugAssets UP-TO-DATE
> Task :react-native-firebase_app:mergeDebugShaders UP-TO-DATE
> Task :react-native-firebase_app:compileDebugShaders NO-SOURCE
> Task :react-native-firebase_app:generateDebugAssets UP-TO-DATE
> Task :react-native-firebase_app:packageDebugAssets UP-TO-DATE
> Task :react-native-firebase_messaging:mergeDebugShaders UP-TO-DATE
> Task :react-native-firebase_messaging:compileDebugShaders NO-SOURCE
> Task :react-native-firebase_messaging:generateDebugAssets UP-TO-DATE
> Task :react-native-firebase_messaging:packageDebugAssets UP-TO-DATE
> Task :react-native-gesture-handler:mergeDebugShaders UP-TO-DATE
> Task :react-native-gesture-handler:compileDebugShaders NO-SOURCE
> Task :react-native-gesture-handler:generateDebugAssets UP-TO-DATE
> Task :react-native-gesture-handler:packageDebugAssets UP-TO-DATE
> Task :react-native-google-signin_google-signin:mergeDebugShaders UP-TO-DATE
> Task :react-native-google-signin_google-signin:compileDebugShaders NO-SOURCE
> Task :react-native-google-signin_google-signin:generateDebugAssets UP-TO-DATE
> Task :react-native-google-signin_google-signin:packageDebugAssets UP-TO-DATE
> Task :react-native-haptic-feedback:mergeDebugShaders UP-TO-DATE
> Task :react-native-haptic-feedback:compileDebugShaders NO-SOURCE
> Task :react-native-haptic-feedback:generateDebugAssets UP-TO-DATE
> Task :react-native-haptic-feedback:packageDebugAssets UP-TO-DATE
> Task :react-native-image-picker:mergeDebugShaders UP-TO-DATE
> Task :react-native-image-picker:compileDebugShaders NO-SOURCE
> Task :react-native-image-picker:generateDebugAssets UP-TO-DATE
> Task :react-native-image-picker:packageDebugAssets UP-TO-DATE
> Task :react-native-linear-gradient:mergeDebugShaders UP-TO-DATE
> Task :react-native-linear-gradient:compileDebugShaders NO-SOURCE
> Task :react-native-linear-gradient:generateDebugAssets UP-TO-DATE
> Task :react-native-linear-gradient:packageDebugAssets UP-TO-DATE
> Task :react-native-maps:mergeDebugShaders
> Task :react-native-maps:compileDebugShaders NO-SOURCE
> Task :react-native-maps:generateDebugAssets UP-TO-DATE
> Task :react-native-maps:packageDebugAssets
> Task :react-native-nfc-manager:mergeDebugShaders UP-TO-DATE
> Task :react-native-nfc-manager:compileDebugShaders NO-SOURCE
> Task :react-native-nfc-manager:generateDebugAssets UP-TO-DATE
> Task :react-native-nfc-manager:packageDebugAssets UP-TO-DATE
> Task :react-native-purchases:mergeDebugShaders UP-TO-DATE
> Task :react-native-purchases:compileDebugShaders NO-SOURCE
> Task :react-native-purchases:generateDebugAssets UP-TO-DATE
> Task :react-native-purchases:packageDebugAssets UP-TO-DATE
> Task :react-native-reanimated:mergeDebugShaders
> Task :react-native-reanimated:compileDebugShaders NO-SOURCE
> Task :react-native-reanimated:generateDebugAssets UP-TO-DATE
> Task :react-native-reanimated:packageDebugAssets
> Task :react-native-safe-area-context:mergeDebugShaders
> Task :react-native-safe-area-context:compileDebugShaders NO-SOURCE
> Task :react-native-safe-area-context:generateDebugAssets UP-TO-DATE
> Task :react-native-safe-area-context:packageDebugAssets
> Task :react-native-screens:mergeDebugShaders UP-TO-DATE
> Task :react-native-screens:compileDebugShaders NO-SOURCE
> Task :react-native-screens:generateDebugAssets UP-TO-DATE
> Task :react-native-screens:packageDebugAssets UP-TO-DATE
> Task :react-native-share:mergeDebugShaders UP-TO-DATE
> Task :react-native-share:compileDebugShaders NO-SOURCE
> Task :react-native-share:generateDebugAssets UP-TO-DATE
> Task :react-native-share:packageDebugAssets UP-TO-DATE
> Task :react-native-svg:mergeDebugShaders
> Task :react-native-svg:compileDebugShaders NO-SOURCE
> Task :react-native-svg:generateDebugAssets UP-TO-DATE
> Task :react-native-svg:packageDebugAssets
> Task :react-native-vector-icons:mergeDebugShaders UP-TO-DATE
> Task :react-native-vector-icons:compileDebugShaders NO-SOURCE
> Task :react-native-vector-icons:generateDebugAssets UP-TO-DATE
> Task :react-native-vector-icons:packageDebugAssets UP-TO-DATE
> Task :react-native-webview:mergeDebugShaders UP-TO-DATE
> Task :react-native-webview:compileDebugShaders NO-SOURCE
> Task :react-native-webview:generateDebugAssets UP-TO-DATE
> Task :react-native-webview:packageDebugAssets UP-TO-DATE
> Task :app:mergeDebugAssets UP-TO-DATE
> Task :app:compressDebugAssets UP-TO-DATE
> Task :invertase_react-native-apple-authentication:bundleLibRuntimeToJarDebug UP-TO-DATE
> Task :react-native-google-signin_google-signin:bundleLibRuntimeToJarDebug UP-TO-DATE
> Task :react-native-gesture-handler:bundleLibRuntimeToJarDebug UP-TO-DATE
> Task :react-native-screens:bundleLibRuntimeToJarDebug UP-TO-DATE
> Task :react-native-webview:bundleLibRuntimeToJarDebug UP-TO-DATE
> Task :react-native-async-storage_async-storage:bundleLibRuntimeToJarDebug UP-TO-DATE
> Task :react-native-clipboard_clipboard:bundleLibRuntimeToJarDebug UP-TO-DATE
> Task :react-native-community_blur:bundleLibRuntimeToJarDebug UP-TO-DATE
> Task :react-native-community_geolocation:bundleLibRuntimeToJarDebug UP-TO-DATE
> Task :react-native-firebase_messaging:bundleLibRuntimeToJarDebug UP-TO-DATE
> Task :react-native-firebase_app:bundleLibRuntimeToJarDebug UP-TO-DATE
> Task :react-native-device-info:bundleLibRuntimeToJarDebug UP-TO-DATE
> Task :react-native-haptic-feedback:bundleLibRuntimeToJarDebug UP-TO-DATE
> Task :react-native-image-picker:bundleLibRuntimeToJarDebug UP-TO-DATE
> Task :react-native-linear-gradient:bundleLibRuntimeToJarDebug UP-TO-DATE
> Task :react-native-nfc-manager:bundleLibRuntimeToJarDebug UP-TO-DATE
> Task :react-native-purchases:bundleLibRuntimeToJarDebug UP-TO-DATE
> Task :react-native-share:bundleLibRuntimeToJarDebug UP-TO-DATE
> Task :react-native-vector-icons:bundleLibRuntimeToJarDebug UP-TO-DATE
> Task :app:desugarDebugFileDependencies UP-TO-DATE
> Task :invertase_react-native-apple-authentication:processDebugJavaRes UP-TO-DATE
> Task :react-native-async-storage_async-storage:processDebugJavaRes NO-SOURCE
> Task :react-native-clipboard_clipboard:processDebugJavaRes NO-SOURCE
> Task :react-native-community_blur:processDebugJavaRes NO-SOURCE
> Task :react-native-community_geolocation:processDebugJavaRes NO-SOURCE
> Task :react-native-device-info:processDebugJavaRes NO-SOURCE
> Task :react-native-firebase_app:processDebugJavaRes NO-SOURCE
> Task :react-native-maps:bundleLibRuntimeToJarDebug
> Task :react-native-firebase_messaging:processDebugJavaRes NO-SOURCE
> Task :react-native-gesture-handler:processDebugJavaRes UP-TO-DATE
> Task :react-native-google-signin_google-signin:processDebugJavaRes UP-TO-DATE
> Task :react-native-haptic-feedback:processDebugJavaRes NO-SOURCE
> Task :react-native-reanimated:bundleLibRuntimeToJarDebug
> Task :react-native-image-picker:processDebugJavaRes NO-SOURCE
> Task :react-native-linear-gradient:processDebugJavaRes NO-SOURCE
> Task :react-native-maps:processDebugJavaRes NO-SOURCE
> Task :react-native-nfc-manager:processDebugJavaRes NO-SOURCE
> Task :react-native-purchases:processDebugJavaRes UP-TO-DATE
> Task :react-native-reanimated:processDebugJavaRes NO-SOURCE
> Task :react-native-screens:processDebugJavaRes UP-TO-DATE
> Task :react-native-share:processDebugJavaRes NO-SOURCE
> Task :react-native-svg:processDebugJavaRes NO-SOURCE
> Task :react-native-vector-icons:processDebugJavaRes NO-SOURCE
> Task :react-native-webview:processDebugJavaRes UP-TO-DATE
> Task :app:checkDebugDuplicateClasses UP-TO-DATE
> Task :app:mergeExtDexDebug UP-TO-DATE
> Task :invertase_react-native-apple-authentication:bundleLibRuntimeToDirDebug UP-TO-DATE
> Task :react-native-google-signin_google-signin:bundleLibRuntimeToDirDebug UP-TO-DATE
> Task :react-native-gesture-handler:bundleLibRuntimeToDirDebug UP-TO-DATE
> Task :react-native-svg:bundleLibRuntimeToJarDebug
> Task :react-native-screens:bundleLibRuntimeToDirDebug UP-TO-DATE
> Task :react-native-webview:bundleLibRuntimeToDirDebug UP-TO-DATE
> Task :react-native-async-storage_async-storage:bundleLibRuntimeToDirDebug UP-TO-DATE
> Task :react-native-clipboard_clipboard:bundleLibRuntimeToDirDebug UP-TO-DATE
> Task :react-native-community_blur:bundleLibRuntimeToDirDebug UP-TO-DATE
> Task :react-native-community_geolocation:bundleLibRuntimeToDirDebug UP-TO-DATE
> Task :react-native-firebase_messaging:bundleLibRuntimeToDirDebug UP-TO-DATE
> Task :react-native-firebase_app:bundleLibRuntimeToDirDebug UP-TO-DATE
> Task :react-native-device-info:bundleLibRuntimeToDirDebug UP-TO-DATE
> Task :react-native-haptic-feedback:bundleLibRuntimeToDirDebug UP-TO-DATE
> Task :react-native-image-picker:bundleLibRuntimeToDirDebug UP-TO-DATE
> Task :react-native-linear-gradient:bundleLibRuntimeToDirDebug UP-TO-DATE
> Task :react-native-nfc-manager:bundleLibRuntimeToDirDebug UP-TO-DATE
> Task :react-native-purchases:bundleLibRuntimeToDirDebug UP-TO-DATE
> Task :react-native-share:bundleLibRuntimeToDirDebug UP-TO-DATE
> Task :react-native-vector-icons:bundleLibRuntimeToDirDebug UP-TO-DATE
> Task :react-native-reanimated:bundleLibRuntimeToDirDebug
> Task :react-native-maps:bundleLibRuntimeToDirDebug

> Task :react-native-safe-area-context:compileDebugKotlin
w: file:///C:/Users/Jayden/flock-app/mobile/node_modules/react-native-safe-area-context/android/src/main/java/com/th3rdwave/safeareacontext/SafeAreaView.kt:59:23 'val uiImplementation: UIImplementation!' is deprecated. Deprecated in Java.

> Task :react-native-svg:bundleLibRuntimeToDirDebug
> Task :react-native-reanimated:configureCMakeDebug[arm64-v8a]
> Task :react-native-safe-area-context:compileDebugJavaWithJavac
> Task :react-native-safe-area-context:bundleLibCompileToJarDebug
> Task :react-native-safe-area-context:bundleLibRuntimeToJarDebug
> Task :react-native-safe-area-context:processDebugJavaRes
> Task :react-native-safe-area-context:bundleLibRuntimeToDirDebug
> Task :app:compileDebugKotlin
> Task :react-native-reanimated:configureCMakeDebug[armeabi-v7a]
> Task :app:compileDebugJavaWithJavac
> Task :app:dexBuilderDebug
> Task :app:mergeDebugGlobalSynthetics UP-TO-DATE
> Task :app:processDebugJavaRes UP-TO-DATE
> Task :app:mergeDebugJavaResource UP-TO-DATE
> Task :app:mergeProjectDexDebug
> Task :app:mergeLibDexDebug
> Task :react-native-reanimated:configureCMakeDebug[x86]
> Task :react-native-reanimated:configureCMakeDebug[x86_64]
> Task :react-native-reanimated:generateJsonModelDebug
> Task :react-native-reanimated:prefabDebugConfigurePackage
> Task :app:configureCMakeDebug[arm64-v8a]
> Task :react-native-reanimated:buildCMakeDebug[arm64-v8a][reanimated,worklets]
> Task :react-native-reanimated:buildCMakeDebug[armeabi-v7a][reanimated,worklets]
> Task :react-native-reanimated:buildCMakeDebug[x86][reanimated,worklets]
> Task :react-native-reanimated:buildCMakeDebug[x86_64][reanimated,worklets]
> Task :react-native-reanimated:externalNativeBuildDebug
> Task :react-native-reanimated:prefabDebugPackage
> Task :app:buildCMakeDebug[arm64-v8a]

> Task :app:configureCMakeDebug[armeabi-v7a]
C/C++: CMake Warning in C:/Users/Jayden/flock-app/mobile/node_modules/react-native-gesture-handler/android/build/generated/source/codegen/jni/CMakeLists.txt:
C/C++:   The object file directory
C/C++:     C:/Users/Jayden/flock-app/mobile/android/app/.cxx/Debug/5j36643p/armeabi-v7a/rngesturehandler_codegen_autolinked_build/CMakeFiles/react_codegen_rngesturehandler_codegen.dir/./
C/C++:   has 175 characters.  The maximum full path to an object file is 250
C/C++:   characters (see CMAKE_OBJECT_PATH_MAX).  Object file
C/C++:     react/renderer/components/rngesturehandler_codegen/rngesturehandler_codegenJSI-generated.cpp.o
C/C++:   cannot be safely placed under this directory.  The build may not work
C/C++:   correctly.

> Task :app:buildCMakeDebug[armeabi-v7a] FAILED

Deprecated Gradle features were used in this build, making it incompatible with Gradle 9.0.

You can use '--warning-mode all' to show the individual deprecation warnings and determine if they come from your own scripts or plugins.

For more on this, please refer to https://docs.gradle.org/8.10.2/userguide/command_line_interface.html#sec:command_line_warnings in the Gradle documentation.
493 actionable tasks: 101 executed, 392 up-to-date
